========================== Mod Loader 0.3.7 ==========================

Game version: GTA III 1.0 UNK_REGION
Loading basic config file modloader/.data/config.ini

Parsing command line
No aScreen address, not injecting a menu

Looking for plugins...
Reading plugins.ini
Loading plugin module "gta3\std.asi.dll"
Plugin module "gta3\std.asi.dll" loaded as gta3.std.asi Jan 16 2018 17:44:17 by LINK/2012
Starting up plugin "gta3.std.asi"
CLEO library version 20005 found at "III.CLEO.asi"
Loading plugin module "gta3\std.bank.dll"
Plugin module "gta3\std.bank.dll" loaded as gta3.std.bank Nov 12 2016 18:52:34 by LINK/2012
Starting up plugin "gta3.std.bank"
Warning: Failed to startup plugin "gta3.std.bank", unloading it.
Unloading plugin "gta3.std.bank"
Loading plugin module "gta3\std.data.dll"
Plugin module "gta3\std.data.dll" loaded as gta3.std.data Nov 12 2016 18:52:35 by LINK/2012
Starting up plugin "gta3.std.data"
Loading plugin module "gta3\std.fx.dll"
Plugin module "gta3\std.fx.dll" loaded as gta3.std.fx Nov 12 2016 18:52:38 by LINK/2012
Starting up plugin "gta3.std.fx"
Loading plugin module "gta3\std.movies.dll"
Plugin module "gta3\std.movies.dll" loaded as gta3.std.movies Nov 12 2016 18:52:50 by LINK/2012
Starting up plugin "gta3.std.movies"
Loading plugin module "gta3\std.scm.dll"
Plugin module "gta3\std.scm.dll" loaded as gta3.std.scm Nov 12 2016 18:53:09 by LINK/2012
Starting up plugin "gta3.std.scm"
Loading plugin module "gta3\std.sprites.dll"
Plugin module "gta3\std.sprites.dll" loaded as gta3.std.sprites Nov 12 2016 18:53:10 by LINK/2012
Starting up plugin "gta3.std.sprites"
Loading plugin module "gta3\std.stream.dll"
Plugin module "gta3\std.stream.dll" loaded as gta3.std.stream Jan 16 2018 17:44:17 by LINK/2012
Starting up plugin "gta3.std.stream"
Loading plugin module "gta3\std.text.dll"
Plugin module "gta3\std.text.dll" loaded as gta3.std.text Nov 12 2016 18:52:34 by LINK/2012
Starting up plugin "gta3.std.text"
Loading plugin module "gta3\std.tracks.dll"
Plugin module "gta3\std.tracks.dll" loaded as gta3.std.tracks Nov 12 2016 18:52:33 by LINK/2012
Starting up plugin "gta3.std.tracks"
Warning: Failed to startup plugin "gta3.std.tracks", unloading it.
Unloading plugin "gta3.std.tracks"
Reading profile named "Default" at "modloader.ini".
Using profile named "Default".
Using profile named "Default"


Scanning mods at "modloader\"...

Scanning files at "modloader\radar\"...
Found file [0x000002049B0D66C5] "radar00.txd" with handler "gta3.std.stream"
Found file [0x000002045C42FA00] "radar01.txd" with handler "gta3.std.stream"
Found file [0x00000204024B4B37] "radar02.txd" with handler "gta3.std.stream"
Found file [0x00000204395680F2] "radar03.txd" with handler "gta3.std.stream"
Found file [0x00000204F1CA82B1] "radar04.txd" with handler "gta3.std.stream"
Found file [0x00000204DDC3BEDC] "radar05.txd" with handler "gta3.std.stream"
Found file [0x00000204BE0D6843] "radar06.txd" with handler "gta3.std.stream"
Found file [0x00000204F277249E] "radar07.txd" with handler "gta3.std.stream"
Found file [0x00000204003FC0ED] "radar08.txd" with handler "gta3.std.stream"
Found file [0x000002049985DBE8] "radar09.txd" with handler "gta3.std.stream"
Found file [0x00000204724C06C2] "radar10.txd" with handler "gta3.std.stream"
Found file [0x00000204762BA247] "radar11.txd" with handler "gta3.std.stream"
Found file [0x00000204953A1310] "radar12.txd" with handler "gta3.std.stream"
Found file [0x000002049919AE95] "radar13.txd" with handler "gta3.std.stream"
Found file [0x000002042DE7146E] "radar14.txd" with handler "gta3.std.stream"
Found file [0x0000020431EDBE93] "radar15.txd" with handler "gta3.std.stream"
Found file [0x00000204DE4A706C] "radar16.txd" with handler "gta3.std.stream"
Found file [0x000002042AC00881] "radar17.txd" with handler "gta3.std.stream"
Found file [0x0000020474A5AA6A] "radar18.txd" with handler "gta3.std.stream"
Found file [0x000002044062FCCF] "radar19.txd" with handler "gta3.std.stream"
Found file [0x00000204A1B09B5F] "radar20.txd" with handler "gta3.std.stream"
Found file [0x000002049D82E0BA] "radar21.txd" with handler "gta3.std.stream"
Found file [0x000002049A82E54D] "radar22.txd" with handler "gta3.std.stream"
Found file [0x00000204C06F5AC8] "radar23.txd" with handler "gta3.std.stream"
Found file [0x00000204BFFEE2CB] "radar24.txd" with handler "gta3.std.stream"
Found file [0x00000204F4670CE6] "radar25.txd" with handler "gta3.std.stream"
Found file [0x0000020456450199] "radar26.txd" with handler "gta3.std.stream"
Found file [0x0000020407550044] "radar27.txd" with handler "gta3.std.stream"
Found file [0x000002049F08D897] "radar28.txd" with handler "gta3.std.stream"
Found file [0x00000204603FFFD2] "radar29.txd" with handler "gta3.std.stream"
Found file [0x000002048EAD1D4C] "radar30.txd" with handler "gta3.std.stream"
Found file [0x000002046A4379E1] "radar31.txd" with handler "gta3.std.stream"
Found file [0x000002046AF1AECE] "radar32.txd" with handler "gta3.std.stream"
Found file [0x000002046EF859F3] "radar33.txd" with handler "gta3.std.stream"
Found file [0x00000204459CC0F0] "radar34.txd" with handler "gta3.std.stream"
Found file [0x000002044BF6C575] "radar35.txd" with handler "gta3.std.stream"
Found file [0x00000204AF56A122] "radar36.txd" with handler "gta3.std.stream"
Found file [0x00000204B334A9A7] "radar37.txd" with handler "gta3.std.stream"
Found file [0x0000020458E477D4] "radar38.txd" with handler "gta3.std.stream"
Found file [0x000002046CEB3BA9] "radar39.txd" with handler "gta3.std.stream"
Found file [0x00000204934E09F9] "radar40.txd" with handler "gta3.std.stream"
Found file [0x00000204BA321624] "radar41.txd" with handler "gta3.std.stream"
Found file [0x0000020470618FAB] "radar42.txd" with handler "gta3.std.stream"
Found file [0x0000020431701446] "radar43.txd" with handler "gta3.std.stream"
Found file [0x00000204DA0655AD] "radar44.txd" with handler "gta3.std.stream"
Found file [0x0000020470D207A8] "radar45.txd" with handler "gta3.std.stream"
Found file [0x00000204DEB9A2BF] "radar46.txd" with handler "gta3.std.stream"
Found file [0x00000204DA8BE81A] "radar47.txd" with handler "gta3.std.stream"
Found file [0x00000204CB911871] "radar48.txd" with handler "gta3.std.stream"
Found file [0x00000204B78A539C] "radar49.txd" with handler "gta3.std.stream"
Found file [0x000002046A672D56] "radar50.txd" with handler "gta3.std.stream"
Found file [0x0000020470E8417B] "radar51.txd" with handler "gta3.std.stream"
Found file [0x00000204F3292F34] "radar52.txd" with handler "gta3.std.stream"
Found file [0x00000204072FF309] "radar53.txd" with handler "gta3.std.stream"
Found file [0x000002044E6C3F2A] "radar54.txd" with handler "gta3.std.stream"
Found file [0x0000020417B0BB8F] "radar55.txd" with handler "gta3.std.stream"
Found file [0x00000204715A4C78] "radar56.txd" with handler "gta3.std.stream"
Found file [0x000002044B6C43FD] "radar57.txd" with handler "gta3.std.stream"
Found file [0x000002040534D32E] "radar58.txd" with handler "gta3.std.stream"
Found file [0x00000204093B7E53] "radar59.txd" with handler "gta3.std.stream"
Found file [0x000002048FA37993] "radar60.txd" with handler "gta3.std.stream"
Found file [0x000002048B9CCF6E] "radar61.txd" with handler "gta3.std.stream"
Found file [0x000002048875C381] "radar62.txd" with handler "gta3.std.stream"
Found file [0x000002043C002B6C] "radar63.txd" with handler "gta3.std.stream"

Scanning files at "modloader\weapons\"...
Found file [0x00000104A33E3F9E] "Generic\weapons.dff" with handler "gta3.std.stream"
Found file [0x00000204D884E53F] "MISC.TXD" with handler "gta3.std.stream"

Updating mods for "modloader\"...
Updating state for "modloader\radar\"...
Installing file "modloader\radar\radar00.txd"
Installing file "modloader\radar\radar01.txd"
Installing file "modloader\radar\radar02.txd"
Installing file "modloader\radar\radar03.txd"
Installing file "modloader\radar\radar04.txd"
Installing file "modloader\radar\radar05.txd"
Installing file "modloader\radar\radar06.txd"
Installing file "modloader\radar\radar07.txd"
Installing file "modloader\radar\radar08.txd"
Installing file "modloader\radar\radar09.txd"
Installing file "modloader\radar\radar10.txd"
Installing file "modloader\radar\radar11.txd"
Installing file "modloader\radar\radar12.txd"
Installing file "modloader\radar\radar13.txd"
Installing file "modloader\radar\radar14.txd"
Installing file "modloader\radar\radar15.txd"
Installing file "modloader\radar\radar16.txd"
Installing file "modloader\radar\radar17.txd"
Installing file "modloader\radar\radar18.txd"
Installing file "modloader\radar\radar19.txd"
Installing file "modloader\radar\radar20.txd"
Installing file "modloader\radar\radar21.txd"
Installing file "modloader\radar\radar22.txd"
Installing file "modloader\radar\radar23.txd"
Installing file "modloader\radar\radar24.txd"
Installing file "modloader\radar\radar25.txd"
Installing file "modloader\radar\radar26.txd"
Installing file "modloader\radar\radar27.txd"
Installing file "modloader\radar\radar28.txd"
Installing file "modloader\radar\radar29.txd"
Installing file "modloader\radar\radar30.txd"
Installing file "modloader\radar\radar31.txd"
Installing file "modloader\radar\radar32.txd"
Installing file "modloader\radar\radar33.txd"
Installing file "modloader\radar\radar34.txd"
Installing file "modloader\radar\radar35.txd"
Installing file "modloader\radar\radar36.txd"
Installing file "modloader\radar\radar37.txd"
Installing file "modloader\radar\radar38.txd"
Installing file "modloader\radar\radar39.txd"
Installing file "modloader\radar\radar40.txd"
Installing file "modloader\radar\radar41.txd"
Installing file "modloader\radar\radar42.txd"
Installing file "modloader\radar\radar43.txd"
Installing file "modloader\radar\radar44.txd"
Installing file "modloader\radar\radar45.txd"
Installing file "modloader\radar\radar46.txd"
Installing file "modloader\radar\radar47.txd"
Installing file "modloader\radar\radar48.txd"
Installing file "modloader\radar\radar49.txd"
Installing file "modloader\radar\radar50.txd"
Installing file "modloader\radar\radar51.txd"
Installing file "modloader\radar\radar52.txd"
Installing file "modloader\radar\radar53.txd"
Installing file "modloader\radar\radar54.txd"
Installing file "modloader\radar\radar55.txd"
Installing file "modloader\radar\radar56.txd"
Installing file "modloader\radar\radar57.txd"
Installing file "modloader\radar\radar58.txd"
Installing file "modloader\radar\radar59.txd"
Installing file "modloader\radar\radar60.txd"
Installing file "modloader\radar\radar61.txd"
Installing file "modloader\radar\radar62.txd"
Installing file "modloader\radar\radar63.txd"
Updating state for "modloader\weapons\"...
Installing file "modloader\weapons\generic\weapons.dff"
Installing file "modloader\weapons\misc.txd"
Updating gta3.std.data state...
Done updating gta3.std.data state.
Starting up filesystem watcher...

Mod Loader has started up!

Opening file for streaming "MODELS\GTA3.IMG"
Loading splash sprite "mainsc1.txd"
Loading default vehicles handling "HANDLING.CFG"
Loading default surface adhesion limits "DATA\SURFACE.DAT"
Loading default ped stats "PEDSTATS.DAT"
Loading default time cycle properties "TIMECYC.DAT"
Loading splash sprite "mainsc1.txd"
Loading default particle data "PARTICLE.CFG"
Opening file for streaming "MODELS\GTA3.IMG"
Loading default level file "DATA\DEFAULT.DAT"
Loading default object types "DATA\DEFAULT.IDE "
Using non-streamed resource "modloader\weapons\misc.txd"
Loading splash sprite "loadsc14.txd"
Loading splash sprite "mainsc1.txd"
Using non-streamed resource "modloader\weapons\generic\weapons.dff"
Loading default level file "DATA\GTA3.DAT"
Opening file for streaming "MODELS\MODS.IMG "
Opening file for streaming "MODELS\ghosttown.IMG "
Loading default object types "DATA\MAPS\generic.IDE "
Loading default object types "DATA\MAPS\INDUSTNE\INDUSTNE.ide "
Loading default object types "DATA\MAPS\INDUSTNW\INDUSTNW.ide "
Loading default object types "DATA\MAPS\INDUSTSE\INDUSTSE.ide "
Loading default object types "DATA\MAPS\INDUSTSW\INDUSTSW.ide "
Loading default object types "DATA\MAPS\MAKING\MAKING.ide "
Loading default object types "DATA\MAPS\TEMPPART\TEMPPART.ide "
Loading default object types "DATA\MAPS\INDROADS\INDROADS.ide "
Loading default object types "DATA\MAPS\Portprops\Portprops.ide "
Loading default object types "DATA\MAPS\COMNtop\COMNtop.ide "
Loading default object types "DATA\MAPS\COMNbtm\COMNbtm.ide "
Loading default object types "DATA\MAPS\COMSE\COMSE.ide "
Loading default object types "DATA\MAPS\COMSW\COMSW.ide "
Loading default object types "DATA\MAPS\COMROAD\COMROAD.ide "
Loading default object types "DATA\MAPS\LANDne\LANDne.ide "
Loading default object types "DATA\MAPS\LANDsw\LANDsw.ide "
Loading default object types "DATA\MAPS\SUBROADS\SUBROADS.ide "
Loading default object types "DATA\MAPS\add\add.ide "
Loading default object types "DATA\MAPS\ghosttown\ghosttown.ide "
Loading splash sprite "loadsc12.txd"
Loading splash sprite "mainsc1.txd"
Loading splash sprite "loadsc18.txd"
Loading splash sprite "mainsc1.txd"
Loading default object data "DATA\OBJECT.DAT"
Loading default scene "DATA\GTA3.ZON "
Loading default scene "DATA\MAPS\COMNtop\COMNtop.IPL "
Loading default scene "DATA\MAPS\COMNbtm\COMNbtm.IPL "
Loading default scene "DATA\MAPS\COMSE\COMSE.IPL "
Loading default scene "DATA\MAPS\COMSW\COMSW.IPL "
Loading default scene "DATA\MAPS\INDUSTNE\INDUSTNE.IPL "
Loading default scene "DATA\MAPS\INDUSTNW\INDUSTNW.IPL "
Loading default scene "DATA\MAPS\INDUSTSE\INDUSTSE.IPL "
Loading default scene "DATA\MAPS\INDUSTSW\INDUSTSW.IPL "
Loading default scene "DATA\MAPS\LANDne\LANDne.IPL "
Loading default scene "DATA\MAPS\LANDsw\LANDsw.IPL "
Loading default scene "DATA\MAPS\overview.IPL "
Loading default scene "DATA\MAPS\props.IPL "
Loading default scene "DATA\MAPS\add\add.IPL "
Loading default scene "DATA\MAPS\add\addon.IPL "
Loading default scene "DATA\MAPS\Portprops\Portprops.IPL "
Loading default scene "DATA\MAPS\xxx.IPL "
Loading default scene "DATA\MAPS\ghosttown\ghosttown.IPL"
Loading default vehicle colours "CARCOLS.DAT"
Loading default compiled water level "DATA\waterpro.dat"
Initializing the streaming...
Loading abstract cd directory...
Importing model file for index 6286 at "modloader\radar\radar00.txd"
Importing model file for index 6285 at "modloader\radar\radar01.txd"
Importing model file for index 6284 at "modloader\radar\radar02.txd"
Importing model file for index 6283 at "modloader\radar\radar03.txd"
Importing model file for index 6282 at "modloader\radar\radar04.txd"
Importing model file for index 6281 at "modloader\radar\radar05.txd"
Importing model file for index 6280 at "modloader\radar\radar06.txd"
Importing model file for index 6279 at "modloader\radar\radar07.txd"
Importing model file for index 6233 at "modloader\radar\radar08.txd"
Importing model file for index 6278 at "modloader\radar\radar09.txd"
Importing model file for index 6277 at "modloader\radar\radar10.txd"
Importing model file for index 6276 at "modloader\radar\radar11.txd"
Importing model file for index 6275 at "modloader\radar\radar12.txd"
Importing model file for index 6274 at "modloader\radar\radar13.txd"
Importing model file for index 6232 at "modloader\radar\radar14.txd"
Importing model file for index 6273 at "modloader\radar\radar15.txd"
Importing model file for index 6231 at "modloader\radar\radar16.txd"
Importing model file for index 6272 at "modloader\radar\radar17.txd"
Importing model file for index 6271 at "modloader\radar\radar18.txd"
Importing model file for index 6270 at "modloader\radar\radar19.txd"
Importing model file for index 6269 at "modloader\radar\radar20.txd"
Importing model file for index 6268 at "modloader\radar\radar21.txd"
Importing model file for index 6267 at "modloader\radar\radar22.txd"
Importing model file for index 6266 at "modloader\radar\radar23.txd"
Importing model file for index 6230 at "modloader\radar\radar24.txd"
Importing model file for index 6265 at "modloader\radar\radar25.txd"
Importing model file for index 6264 at "modloader\radar\radar26.txd"
Importing model file for index 6263 at "modloader\radar\radar27.txd"
Importing model file for index 6262 at "modloader\radar\radar28.txd"
Importing model file for index 6261 at "modloader\radar\radar29.txd"
Importing model file for index 6260 at "modloader\radar\radar30.txd"
Importing model file for index 6259 at "modloader\radar\radar31.txd"
Importing model file for index 6229 at "modloader\radar\radar32.txd"
Importing model file for index 6258 at "modloader\radar\radar33.txd"
Importing model file for index 6257 at "modloader\radar\radar34.txd"
Importing model file for index 6256 at "modloader\radar\radar35.txd"
Importing model file for index 6255 at "modloader\radar\radar36.txd"
Importing model file for index 6254 at "modloader\radar\radar37.txd"
Importing model file for index 6253 at "modloader\radar\radar38.txd"
Importing model file for index 6252 at "modloader\radar\radar39.txd"
Importing model file for index 6251 at "modloader\radar\radar40.txd"
Importing model file for index 6250 at "modloader\radar\radar41.txd"
Importing model file for index 6249 at "modloader\radar\radar42.txd"
Importing model file for index 6248 at "modloader\radar\radar43.txd"
Importing model file for index 6247 at "modloader\radar\radar44.txd"
Importing model file for index 6246 at "modloader\radar\radar45.txd"
Importing model file for index 6245 at "modloader\radar\radar46.txd"
Importing model file for index 6244 at "modloader\radar\radar47.txd"
Importing model file for index 6243 at "modloader\radar\radar48.txd"
Importing model file for index 6242 at "modloader\radar\radar49.txd"
Importing model file for index 6241 at "modloader\radar\radar50.txd"
Importing model file for index 6240 at "modloader\radar\radar51.txd"
Importing model file for index 6239 at "modloader\radar\radar52.txd"
Importing model file for index 6238 at "modloader\radar\radar53.txd"
Importing model file for index 6237 at "modloader\radar\radar54.txd"
Importing model file for index 6228 at "modloader\radar\radar55.txd"
Importing model file for index 6227 at "modloader\radar\radar56.txd"
Importing model file for index 6226 at "modloader\radar\radar57.txd"
Importing model file for index 6225 at "modloader\radar\radar58.txd"
Importing model file for index 6236 at "modloader\radar\radar59.txd"
Importing model file for index 6235 at "modloader\radar\radar60.txd"
Importing model file for index 6234 at "modloader\radar\radar61.txd"
Importing model file for index 6224 at "modloader\radar\radar62.txd"
Importing model file for index 6223 at "modloader\radar\radar63.txd"
Abstract cd directory has been loaded.
Loading default ped relationship data "PED.DAT"
Loading default fight data "DATA\fistfite.dat"
Loading default weapon data "WEAPON.DAT"
Loading default ped groups "PEDGRP.DAT"
Starting injected cleo script search 18EC9420 for version '0'...
Finishing injected cleo script search 18EC9420...
Loading default cullzones "DATA\cullzone.dat"
Loading default train track "data\paths\tracks.dat"
Loading default train track "data\paths\tracks2.dat"
Loading default plane path "data\paths\flight.dat"
Loading default plane path "data\paths\flight2.dat"
Loading default plane path "data\paths\flight3.dat"
Loading default plane path "data\paths\flight4.dat"
Removing imported model file at index 0
Loading default level file "DATA\GTA3.DAT"
Loading splash sprite "splash1.txd"
Loading splash sprite "mainsc1.txd"
Loading default time cycle properties "TIMECYC.DAT"
Loading default ped relationship data "PED.DAT"
Loading default fight data "DATA\fistfite.dat"
Loading default weapon data "WEAPON.DAT"
Loading default ped groups "PEDGRP.DAT"
Starting injected cleo script search 18EC92C0 for version '0'...
Finishing injected cleo script search 18EC92C0...
Loading default particle data "PARTICLE.CFG"
Loading default cullzones "DATA\cullzone.dat"
Starting injected cleo script search 18EC94A0 for version '0'...
Finishing injected cleo script search 18EC94A0...
Removing imported model file at index 0
Loading default particle data "PARTICLE.CFG"
Loading splash sprite "splash1.txd"

Shutting down Mod Loader...
Shutting down filesystem watcher...
Shutting down menu...
Unloading plugin "gta3.std.fx"
Unloading plugin "gta3.std.asi"
Unloading plugin "gta3.std.data"
Unloading plugin "gta3.std.movies"
Unloading plugin "gta3.std.scm"
Unloading plugin "gta3.std.text"
Unloading plugin "gta3.std.sprites"
Unloading plugin "gta3.std.stream"
Mod Loader has been shutdown.
